<?xml version="1.0" encoding="UTF-8"?>
<!-- Generated by org.testng.reporters.JUnitReportReporter -->
<testsuite skipped="0" hostname="LAPTOP-DVJDDLRA" name="com.cts.basepaget.TestMainPage" tests="1" failures="0" timestamp="28 Mar 2020 08:45:50 GMT" time="22.607" errors="0">
  <testcase name="testreg" time="22.607" classname="com.cts.basepaget.TestMainPage"/>
</testsuite> <!-- com.cts.basepaget.TestMainPage -->
